Flutter crash report; please file at https://github.com/flutter/flutter/issues.

## command

flutter run

## exception

ProcessException: ProcessException: Process "/Users/anjaliverma/Library/Android/sdk/platform-tools/adb" exited abnormally:

Exception occurred while executing:
java.lang.IllegalArgumentException: Unknown package: com.example.stories
	at com.android.server.pm.Settings.getInstallerPackageNameLPr(Settings.java:5053)
	at com.android.server.pm.PackageManagerService.getInstallerPackageName(PackageManagerService.java:28139)
	at com.android.server.pm.PackageManagerService.isOrphaned(PackageManagerService.java:28145)
	at com.android.server.pm.PackageManagerService.deletePackageVersioned(PackageManagerService.java:24262)
	at com.android.server.pm.PackageInstallerService.uninstall(PackageInstallerService.java:1051)
	at com.android.server.pm.PackageManagerShellCommand.runUninstall(PackageManagerShellCommand.java:912)
	at com.android.server.pm.PackageManagerShellCommand.onCommand(PackageManagerShellCommand.java:134)
	at android.os.ShellCommand.exec(ShellCommand.java:96)
	at com.android.server.pm.PackageManagerService.onShellCommand(PackageManagerService.java:28949)
	at android.os.Binder.shellCommand(Binder.java:581)
	at android.os.Binder.onTransact(Binder.java:481)
	at android.content.pm.IPackageManager$Stub.onTransact(IPackageManager.java:3223)
	at com.android.server.pm.PackageManagerService.onTransact(PackageManagerService.java:5198)
	at android.os.Binder.execTransact(Binder.java:682)
  Command: /Users/anjaliverma/Library/Android/sdk/platform-tools/adb -s e8e4fa0e uninstall com.example.stories

```
#0      runCheckedAsync (package:flutter_tools/src/base/process.dart:251:5)
<asynchronous suspension>
#1      AndroidDevice.uninstallApp (package:flutter_tools/src/android/android_device.dart:310:40)
<asynchronous suspension>
#2      AndroidDevice._installLatestApp (package:flutter_tools/src/android/android_device.dart:334:20)
<asynchronous suspension>
#3      AndroidDevice.startApp (package:flutter_tools/src/android/android_device.dart:392:16)
<asynchronous suspension>
#4      FlutterDevice.runHot (package:flutter_tools/src/resident_runner.dart:289:54)
<asynchronous suspension>
#5      HotRunner.run (package:flutter_tools/src/run_hot.dart:272:39)
<asynchronous suspension>
#6      RunCommand.runCommand (package:flutter_tools/src/commands/run.dart:398:37)
<asynchronous suspension>
#7      FlutterCommand.verifyThenRunCommand (package:flutter_tools/src/runner/flutter_command.dart:401:18)
#8      _asyncThenWrapperHelper.<anonymous closure> (dart:async/runtime/libasync_patch.dart:77:64)
#9      _rootRunUnary (dart:async/zone.dart:1132:38)
#10     _CustomZone.runUnary (dart:async/zone.dart:1029:19)
#11     _FutureListener.handleValue (dart:async/future_impl.dart:129:18)
#12     Future._propagateToListeners.handleValueCallback (dart:async/future_impl.dart:642:45)
#13     Future._propagateToListeners (dart:async/future_impl.dart:671:32)
#14     Future._complete (dart:async/future_impl.dart:476:7)
#15     _SyncCompleter.complete (dart:async/future_impl.dart:51:12)
#16     _AsyncAwaitCompleter.complete (dart:async/runtime/libasync_patch.dart:28:18)
#17     _completeOnAsyncReturn (dart:async/runtime/libasync_patch.dart:295:13)
#18     RunCommand.usageValues (package:flutter_tools/src/commands/run.dart)
#19     _asyncThenWrapperHelper.<anonymous closure> (dart:async/runtime/libasync_patch.dart:77:64)
#20     _rootRunUnary (dart:async/zone.dart:1132:38)
#21     _CustomZone.runUnary (dart:async/zone.dart:1029:19)
#22     _FutureListener.handleValue (dart:async/future_impl.dart:129:18)
#23     Future._propagateToListeners.handleValueCallback (dart:async/future_impl.dart:642:45)
#24     Future._propagateToListeners (dart:async/future_impl.dart:671:32)
#25     Future._complete (dart:async/future_impl.dart:476:7)
#26     _SyncCompleter.complete (dart:async/future_impl.dart:51:12)
#27     _AsyncAwaitCompleter.complete.<anonymous closure> (dart:async/runtime/libasync_patch.dart:33:20)
#28     _rootRun (dart:async/zone.dart:1124:13)
#29     _CustomZone.run (dart:async/zone.dart:1021:19)
#30     _CustomZone.bindCallback.<anonymous closure> (dart:async/zone.dart:947:23)
#31     _microtaskLoop (dart:async/schedule_microtask.dart:41:21)
#32     _startMicrotaskLoop (dart:async/schedule_microtask.dart:50:5)
#33     _runPendingImmediateCallback (dart:isolate/runtime/libisolate_patch.dart:115:13)
#34     _RawReceivePortImpl._handleMessage (dart:isolate/runtime/libisolate_patch.dart:172:5)
```

## flutter doctor

```
[32m[✓][39m Flutter (Channel beta, v1.0.0, on Mac OS X 10.14.2 18C54, locale en-IN)
    [32m•[39m Flutter version 1.0.0 at /Users/anjaliverma/Downloads/flutter
    [32m•[39m Framework revision 5391447fae (3 months ago), 2018-11-29 19:41:26 -0800
    [32m•[39m Engine revision 7375a0f414
    [32m•[39m Dart version 2.1.0 (build 2.1.0-dev.9.4 f9ebf21297)

[33m[!][39m Android toolchain - develop for Android devices (Android SDK 28.0.3)
    [32m•[39m Android SDK at /Users/anjaliverma/Library/Android/sdk
    [32m•[39m Android NDK location not configured (optional; useful for native profiling support)
    [32m•[39m Platform android-28, build-tools 28.0.3
    [32m•[39m ANDROID_HOME = /Users/anjaliverma/Library/Android/sdk
    [32m•[39m Java binary at: /Applications/Android Studio.app/Contents/jre/jdk/Contents/Home/bin/java
    [32m•[39m Java version OpenJDK Runtime Environment (build 1.8.0_152-release-1136-b06)
    [33m![39m Some Android licenses not accepted.  To resolve this, run: flutter doctor --android-licenses

[33m[!][39m iOS toolchain - develop for iOS devices (Xcode 10.1)
    [32m•[39m Xcode at /Applications/Xcode.app/Contents/Developer
    [32m•[39m Xcode 10.1, Build version 10B61
    [31m✗[39m libimobiledevice and ideviceinstaller are not installed. To install with Brew, run:
        brew update
        brew install --HEAD usbmuxd
        brew link usbmuxd
        brew install --HEAD libimobiledevice
        brew install ideviceinstaller
    [31m✗[39m ios-deploy not installed. To install with Brew:
        brew install ios-deploy
    [31m✗[39m Brew can be used to install tools for iOS device development.
      Download brew at https://brew.sh/.

[32m[✓][39m Android Studio (version 3.2)
    [32m•[39m Android Studio at /Applications/Android Studio.app/Contents
    [32m•[39m Flutter plugin version 29.1.1
    [32m•[39m Dart plugin version 181.5656
    [32m•[39m Java version OpenJDK Runtime Environment (build 1.8.0_152-release-1136-b06)

[32m[✓][39m Connected device (1 available)
    [32m•[39m SM C900F • e8e4fa0e • android-arm64 • Android 8.0.0 (API 26)

[33m![39m Doctor found issues in 2 categories.
```
